<?xml version="1.0" encoding="UTF-8"?>
<!-- Generated by org.testng.reporters.JUnitReportReporter -->
<testsuite hostname="INLEN8520068312" failures="0" tests="1" name="flipkart.validateEditFunction" time="13.868" errors="0" timestamp="11 Jun 2022 03:32:45 GMT">
  <testcase classname="flipkart.validateEditFunction" name="initialize" time="13.868"/>
</testsuite> <!-- flipkart.validateEditFunction -->
