<?xml version="1.0" encoding="UTF-8"?>
<!-- Generated by org.testng.reporters.JUnitReportReporter -->
<testsuite hostname="INLEN8520068312" failures="0" tests="1" name="flipkart.validateSearchFunction" time="70.156" errors="0" timestamp="11 Jun 2022 03:23:09 GMT">
  <testcase classname="flipkart.validateSearchFunction" name="initialize" time="70.156"/>
</testsuite> <!-- flipkart.validateSearchFunction -->
